<?xml version="1.0" encoding="UTF-8"?>
<!-- Generated by org.testng.reporters.JUnitXMLReporter -->
<testsuite ignored="0" hostname="KA-LPT-139" failures="0" tests="3" name="Surefire test" time="2.035" errors="0" timestamp="2020-02-19T17:21:11 IST">
  <testcase classname="com.ComparatorLibrary.comparator.equalResponseComparisonTest" name="equalResponseComparisonTest" time="1.686"/>
  <testcase classname="com.ComparatorLibrary.comparator.notEqualResponseComparisonTest" name="notEqualResponseComparisonTest" time="0.185"/>
  <testcase classname="com.ComparatorLibrary.comparator.noValidResponseComparisonTest" name="noValidResponseComparisonTest" time="0.091"/>
</testsuite> <!-- Surefire test -->
