<?xml version="1.0" encoding="UTF-8"?>
<testsuite xmlns:xsi="http://www.w3.org/2001/XMLSchema-instance" xsi:noNamespaceSchemaLocation="https://maven.apache.org/surefire/maven-surefire-plugin/xsd/surefire-test-report.xsd" name="TestSuite" time="3.772" tests="3" errors="0" skipped="0" failures="0">
  <properties>
[...]
</properties>
  <testcase name="equalResponseComparisonTest" classname="com.ComparatorLibrary.comparator.equalResponseComparisonTest" time="1.691"/>
  <testcase name="notEqualResponseComparisonTest" classname="com.ComparatorLibrary.comparator.notEqualResponseComparisonTest" time="0.185"/>
  <testcase name="noValidResponseComparisonTest" classname="com.ComparatorLibrary.comparator.noValidResponseComparisonTest" time="0.092"/>
</testsuite>