<?xml version="1.0" encoding="UTF-8"?>
<testng-results ignored="0" total="1" passed="1" failed="0" skipped="0">
  <reporter-output>
  </reporter-output>
  <suite started-at="2020-02-19T17:19:54 IST" name="Default suite" finished-at="2020-02-19T17:19:55 IST" duration-ms="1489">
    <groups>
    </groups>
    <test started-at="2020-02-19T17:19:54 IST" name="Default test" finished-at="2020-02-19T17:19:55 IST" duration-ms="1489">
      <class name="com.ComparatorLibrary.comparator.noValidResponseComparisonTest">
        <test-method signature="noValidResponseComparisonTest()[pri:0, instance:com.ComparatorLibrary.comparator.noValidResponseComparisonTest@37883b97]" started-at="2020-02-19T17:19:54 IST" name="noValidResponseComparisonTest" finished-at="2020-02-19T17:19:55 IST" duration-ms="1427" status="PASS">
          <reporter-output>
          </reporter-output>
        </test-method> <!-- noValidResponseComparisonTest -->
      </class> <!-- com.ComparatorLibrary.comparator.noValidResponseComparisonTest -->
    </test> <!-- Default test -->
  </suite> <!-- Default suite -->
</testng-results>
